<?xml version="1.0" encoding="UTF-8"?>
<testsuite xmlns:xsi="http://www.w3.org/2001/XMLSchema-instance" xsi:noNamespaceSchemaLocation="https://maven.apache.org/surefire/maven-surefire-plugin/xsd/surefire-test-report-3.0.xsd" version="3.0" name="com.wg.servicetest.IssueServiceTest" time="0.047" tests="6" errors="0" skipped="0" failures="0">
  <properties>
[...]
</properties>
  <testcase name="testRaiseIssue_Success" classname="com.wg.servicetest.IssueServiceTest" time="0.031">
    <system-out><![CDATA[Issue raised Successfully
]]></system-out>
  </testcase>
  <testcase name="testRaiseIssue_Failure" classname="com.wg.servicetest.IssueServiceTest" time="0.0">
    <system-out><![CDATA[Error raising issue
]]></system-out>
  </testcase>
  <testcase name="testResolveIssue_Success" classname="com.wg.servicetest.IssueServiceTest" time="0.0">
    <system-out><![CDATA[Issue resolved Successfully
]]></system-out>
  </testcase>
  <testcase name="testResolveIssue_Failure" classname="com.wg.servicetest.IssueServiceTest" time="0.0">
    <system-out><![CDATA[Error resolving issue
]]></system-out>
  </testcase>
  <testcase name="testViewAllIssues_Success" classname="com.wg.servicetest.IssueServiceTest" time="0.016"/>
  <testcase name="testCheckIssueStatus_Success" classname="com.wg.servicetest.IssueServiceTest" time="0.0"/>
</testsuite>